2022-02-09 06:47:04.587 - INFO - 7757 - azureml.train.automl._experiment_drivers.driver_utilities.modify_run_configuration:201 - Package azureml-train-automl missing from dependencies file.
2022-02-09 06:47:04.588 - INFO - 7757 - azureml.train.automl._experiment_drivers.driver_utilities.modify_run_configuration:207 - Using pinned version: azureml-train-automl==1.37.0.*
2022-02-09 06:47:04.588 - INFO - 7757 - azureml.train.automl._experiment_drivers.driver_utilities.modify_run_configuration:201 - Package pandas missing from dependencies file.
2022-02-09 06:47:04.588 - INFO - 7757 - azureml.train.automl._experiment_drivers.driver_utilities.modify_run_configuration:207 - Using pinned version: pandas==0.25.1
2022-02-09 06:47:04.589 - INFO - 7757 - azureml.train.automl._experiment_drivers.driver_utilities.modify_run_configuration:201 - Package psutil missing from dependencies file.
2022-02-09 06:47:04.589 - INFO - 7757 - azureml.train.automl._experiment_drivers.driver_utilities.modify_run_configuration:207 - Using pinned version: psutil>5.0.0,<6.0.0
2022-02-09 06:47:04.589 - INFO - 7757 - azureml.train.automl._experiment_drivers.driver_utilities.modify_run_configuration:201 - Package scikit-learn missing from dependencies file.
2022-02-09 06:47:04.590 - INFO - 7757 - azureml.train.automl._experiment_drivers.driver_utilities.modify_run_configuration:207 - Using pinned version: scikit-learn==0.22.1
2022-02-09 06:47:04.590 - INFO - 7757 - azureml.train.automl._experiment_drivers.driver_utilities.modify_run_configuration:201 - Package numpy missing from dependencies file.
2022-02-09 06:47:04.590 - INFO - 7757 - azureml.train.automl._experiment_drivers.driver_utilities.modify_run_configuration:207 - Using pinned version: numpy~=1.18.0
2022-02-09 06:47:04.591 - INFO - 7757 - azureml.train.automl._experiment_drivers.driver_utilities.modify_run_configuration:201 - Package py-xgboost missing from dependencies file.
2022-02-09 06:47:04.591 - INFO - 7757 - azureml.train.automl._experiment_drivers.driver_utilities.modify_run_configuration:207 - Using pinned version: py-xgboost<=0.90
2022-02-09 06:47:04.591 - INFO - 7757 - azureml.train.automl._experiment_drivers.driver_utilities.modify_run_configuration:201 - Package inference-schema missing from dependencies file.
2022-02-09 06:47:04.592 - INFO - 7757 - azureml.train.automl._experiment_drivers.driver_utilities.modify_run_configuration:211 - Using installed version: inference-schema==1.3.0
2022-02-09 06:47:04.592 - INFO - 7757 - azureml.train.automl._experiment_drivers.driver_utilities.modify_run_configuration:201 - Package fbprophet missing from dependencies file.
2022-02-09 06:47:04.592 - INFO - 7757 - azureml.train.automl._experiment_drivers.driver_utilities.modify_run_configuration:207 - Using pinned version: fbprophet==0.5
2022-02-09 06:47:04.593 - INFO - 7757 - azureml.train.automl._experiment_drivers.driver_utilities.modify_run_configuration:201 - Package setuptools-git missing from dependencies file.
2022-02-09 06:47:04.593 - INFO - 7757 - azureml.train.automl._experiment_drivers.driver_utilities.modify_run_configuration:211 - Using installed version: setuptools-git==1.2
2022-02-09 06:47:04.594 - INFO - 7757 - azureml.automl.core.dataset_utilities._save_datasets_to_json:131 - JSON serialization of input of type <class 'NoneType'> is un-supported.
2022-02-09 06:47:04.595 - INFO - 7757 - azureml.automl.core.dataset_utilities._save_datasets_to_json:131 - JSON serialization of input of type <class 'NoneType'> is un-supported.
2022-02-09 06:47:04.596 - INFO - 7757 - azureml.train.automl._experiment_drivers.driver_utilities.validate_input:124 - Start data validation.
2022-02-09 06:47:06.823 - INFO - 7757 - azureml.train.automl._experiment_drivers.driver_utilities.validate_input:137 - Validation service found the data has no errors.
2022-02-09 06:47:06.824 - INFO - 7757 - azureml.train.automl._experiment_drivers.driver_utilities.create_remote_parent_run:382 - Start creating parent run.
2022-02-09 06:47:07.108 - INFO - 7757 - azureml.train.automl._experiment_drivers.driver_utilities.create_remote_parent_run:402 - [ParentRunID:AutoML_1a568470-ee78-4be9-adb3-874dfc6bd625] Remote run using input X and y.
2022-02-09 06:47:07.188 - INFO - 7757 - azureml.train.automl._experiment_drivers.driver_utilities.start_remote_run:337 - Starting a snapshot run (snapshot_id : None)
2022-02-09 10:34:35.802 - INFO - 18156 - azureml.train.automl._experiment_drivers.driver_utilities.modify_run_configuration:201 - Package azureml-train-automl missing from dependencies file.
2022-02-09 10:34:35.809 - INFO - 18156 - azureml.train.automl._experiment_drivers.driver_utilities.modify_run_configuration:207 - Using pinned version: azureml-train-automl==1.37.0.*
2022-02-09 10:34:35.819 - INFO - 18156 - azureml.train.automl._experiment_drivers.driver_utilities.modify_run_configuration:201 - Package pandas missing from dependencies file.
2022-02-09 10:34:35.825 - INFO - 18156 - azureml.train.automl._experiment_drivers.driver_utilities.modify_run_configuration:207 - Using pinned version: pandas==0.25.1
2022-02-09 10:34:35.835 - INFO - 18156 - azureml.train.automl._experiment_drivers.driver_utilities.modify_run_configuration:201 - Package psutil missing from dependencies file.
2022-02-09 10:34:35.843 - INFO - 18156 - azureml.train.automl._experiment_drivers.driver_utilities.modify_run_configuration:207 - Using pinned version: psutil>5.0.0,<6.0.0
2022-02-09 10:34:35.850 - INFO - 18156 - azureml.train.automl._experiment_drivers.driver_utilities.modify_run_configuration:201 - Package scikit-learn missing from dependencies file.
2022-02-09 10:34:35.859 - INFO - 18156 - azureml.train.automl._experiment_drivers.driver_utilities.modify_run_configuration:207 - Using pinned version: scikit-learn==0.22.1
2022-02-09 10:34:35.875 - INFO - 18156 - azureml.train.automl._experiment_drivers.driver_utilities.modify_run_configuration:201 - Package numpy missing from dependencies file.
2022-02-09 10:34:35.881 - INFO - 18156 - azureml.train.automl._experiment_drivers.driver_utilities.modify_run_configuration:207 - Using pinned version: numpy~=1.18.0
2022-02-09 10:34:35.898 - INFO - 18156 - azureml.train.automl._experiment_drivers.driver_utilities.modify_run_configuration:201 - Package py-xgboost missing from dependencies file.
2022-02-09 10:34:35.903 - INFO - 18156 - azureml.train.automl._experiment_drivers.driver_utilities.modify_run_configuration:207 - Using pinned version: py-xgboost<=0.90
2022-02-09 10:34:35.914 - INFO - 18156 - azureml.train.automl._experiment_drivers.driver_utilities.modify_run_configuration:201 - Package inference-schema missing from dependencies file.
2022-02-09 10:34:35.920 - INFO - 18156 - azureml.train.automl._experiment_drivers.driver_utilities.modify_run_configuration:211 - Using installed version: inference-schema==1.3.0
2022-02-09 10:34:35.936 - INFO - 18156 - azureml.train.automl._experiment_drivers.driver_utilities.modify_run_configuration:201 - Package fbprophet missing from dependencies file.
2022-02-09 10:34:35.942 - INFO - 18156 - azureml.train.automl._experiment_drivers.driver_utilities.modify_run_configuration:207 - Using pinned version: fbprophet==0.5
2022-02-09 10:34:35.948 - INFO - 18156 - azureml.train.automl._experiment_drivers.driver_utilities.modify_run_configuration:201 - Package setuptools-git missing from dependencies file.
2022-02-09 10:34:35.954 - INFO - 18156 - azureml.train.automl._experiment_drivers.driver_utilities.modify_run_configuration:211 - Using installed version: setuptools-git==1.2
2022-02-09 10:34:35.962 - INFO - 18156 - azureml.automl.core.dataset_utilities._save_datasets_to_json:131 - JSON serialization of input of type <class 'NoneType'> is un-supported.
2022-02-09 10:34:35.972 - INFO - 18156 - azureml.automl.core.dataset_utilities._save_datasets_to_json:131 - JSON serialization of input of type <class 'NoneType'> is un-supported.
2022-02-09 10:34:35.991 - INFO - 18156 - azureml.train.automl._experiment_drivers.driver_utilities.validate_input:124 - Start data validation.
2022-02-09 10:34:40.302 - INFO - 18156 - azureml.train.automl._experiment_drivers.driver_utilities.validate_input:137 - Validation service found the data has no errors.
2022-02-09 10:34:40.312 - INFO - 18156 - azureml.train.automl._experiment_drivers.driver_utilities.create_remote_parent_run:382 - Start creating parent run.
2022-02-09 10:34:40.633 - INFO - 18156 - azureml.train.automl._experiment_drivers.driver_utilities.create_remote_parent_run:402 - [ParentRunID:AutoML_7e5f4f2c-ad93-42d6-b8bf-646500697a12] Remote run using input X and y.
2022-02-09 10:34:40.740 - INFO - 18156 - azureml.train.automl._experiment_drivers.driver_utilities.start_remote_run:337 - Starting a snapshot run (snapshot_id : None)
2022-02-09 12:05:25.756 - INFO - 18156 - azureml.train.automl._experiment_drivers.driver_utilities.modify_run_configuration:201 - Package azureml-train-automl missing from dependencies file.
2022-02-09 12:05:25.785 - INFO - 18156 - azureml.train.automl._experiment_drivers.driver_utilities.modify_run_configuration:207 - Using pinned version: azureml-train-automl==1.37.0.*
2022-02-09 12:05:25.792 - INFO - 18156 - azureml.train.automl._experiment_drivers.driver_utilities.modify_run_configuration:201 - Package pandas missing from dependencies file.
2022-02-09 12:05:25.797 - INFO - 18156 - azureml.train.automl._experiment_drivers.driver_utilities.modify_run_configuration:207 - Using pinned version: pandas==0.25.1
2022-02-09 12:05:25.806 - INFO - 18156 - azureml.train.automl._experiment_drivers.driver_utilities.modify_run_configuration:201 - Package psutil missing from dependencies file.
2022-02-09 12:05:25.811 - INFO - 18156 - azureml.train.automl._experiment_drivers.driver_utilities.modify_run_configuration:207 - Using pinned version: psutil>5.0.0,<6.0.0
2022-02-09 12:05:25.817 - INFO - 18156 - azureml.train.automl._experiment_drivers.driver_utilities.modify_run_configuration:201 - Package scikit-learn missing from dependencies file.
2022-02-09 12:05:25.827 - INFO - 18156 - azureml.train.automl._experiment_drivers.driver_utilities.modify_run_configuration:207 - Using pinned version: scikit-learn==0.22.1
2022-02-09 12:05:25.832 - INFO - 18156 - azureml.train.automl._experiment_drivers.driver_utilities.modify_run_configuration:201 - Package numpy missing from dependencies file.
2022-02-09 12:05:25.838 - INFO - 18156 - azureml.train.automl._experiment_drivers.driver_utilities.modify_run_configuration:207 - Using pinned version: numpy~=1.18.0
2022-02-09 12:05:25.845 - INFO - 18156 - azureml.train.automl._experiment_drivers.driver_utilities.modify_run_configuration:201 - Package py-xgboost missing from dependencies file.
2022-02-09 12:05:25.862 - INFO - 18156 - azureml.train.automl._experiment_drivers.driver_utilities.modify_run_configuration:207 - Using pinned version: py-xgboost<=0.90
2022-02-09 12:05:25.868 - INFO - 18156 - azureml.train.automl._experiment_drivers.driver_utilities.modify_run_configuration:201 - Package inference-schema missing from dependencies file.
2022-02-09 12:05:25.874 - INFO - 18156 - azureml.train.automl._experiment_drivers.driver_utilities.modify_run_configuration:211 - Using installed version: inference-schema==1.3.0
2022-02-09 12:05:25.880 - INFO - 18156 - azureml.train.automl._experiment_drivers.driver_utilities.modify_run_configuration:201 - Package fbprophet missing from dependencies file.
2022-02-09 12:05:25.885 - INFO - 18156 - azureml.train.automl._experiment_drivers.driver_utilities.modify_run_configuration:207 - Using pinned version: fbprophet==0.5
2022-02-09 12:05:25.897 - INFO - 18156 - azureml.train.automl._experiment_drivers.driver_utilities.modify_run_configuration:201 - Package setuptools-git missing from dependencies file.
2022-02-09 12:05:25.903 - INFO - 18156 - azureml.train.automl._experiment_drivers.driver_utilities.modify_run_configuration:211 - Using installed version: setuptools-git==1.2
2022-02-09 12:05:25.911 - INFO - 18156 - azureml.automl.core.dataset_utilities._save_datasets_to_json:131 - JSON serialization of input of type <class 'NoneType'> is un-supported.
2022-02-09 12:05:25.917 - INFO - 18156 - azureml.automl.core.dataset_utilities._save_datasets_to_json:131 - JSON serialization of input of type <class 'NoneType'> is un-supported.
2022-02-09 12:05:25.925 - INFO - 18156 - azureml.train.automl._experiment_drivers.driver_utilities.validate_input:124 - Start data validation.
2022-02-09 12:05:28.921 - INFO - 18156 - azureml.train.automl._experiment_drivers.driver_utilities.validate_input:137 - Validation service found the data has no errors.
2022-02-09 12:05:28.922 - INFO - 18156 - azureml.train.automl._experiment_drivers.driver_utilities.create_remote_parent_run:382 - Start creating parent run.
2022-02-09 12:05:31.310 - INFO - 18156 - azureml.train.automl._experiment_drivers.driver_utilities.create_remote_parent_run:402 - [ParentRunID:AutoML_4baf3c3b-c87b-4463-8d4f-fff58bb7424b] Remote run using input X and y.
2022-02-09 12:05:31.409 - INFO - 18156 - azureml.train.automl._experiment_drivers.driver_utilities.start_remote_run:337 - Starting a snapshot run (snapshot_id : None)
2022-02-09 12:47:14.080 - INFO - 18156 - azureml.train.automl._experiment_drivers.driver_utilities.modify_run_configuration:201 - Package azureml-train-automl missing from dependencies file.
2022-02-09 12:47:14.103 - INFO - 18156 - azureml.train.automl._experiment_drivers.driver_utilities.modify_run_configuration:207 - Using pinned version: azureml-train-automl==1.37.0.*
2022-02-09 12:47:14.113 - INFO - 18156 - azureml.train.automl._experiment_drivers.driver_utilities.modify_run_configuration:201 - Package pandas missing from dependencies file.
2022-02-09 12:47:14.124 - INFO - 18156 - azureml.train.automl._experiment_drivers.driver_utilities.modify_run_configuration:207 - Using pinned version: pandas==0.25.1
2022-02-09 12:47:14.139 - INFO - 18156 - azureml.train.automl._experiment_drivers.driver_utilities.modify_run_configuration:201 - Package psutil missing from dependencies file.
2022-02-09 12:47:14.150 - INFO - 18156 - azureml.train.automl._experiment_drivers.driver_utilities.modify_run_configuration:207 - Using pinned version: psutil>5.0.0,<6.0.0
2022-02-09 12:47:14.161 - INFO - 18156 - azureml.train.automl._experiment_drivers.driver_utilities.modify_run_configuration:201 - Package scikit-learn missing from dependencies file.
2022-02-09 12:47:14.166 - INFO - 18156 - azureml.train.automl._experiment_drivers.driver_utilities.modify_run_configuration:207 - Using pinned version: scikit-learn==0.22.1
2022-02-09 12:47:14.173 - INFO - 18156 - azureml.train.automl._experiment_drivers.driver_utilities.modify_run_configuration:201 - Package numpy missing from dependencies file.
2022-02-09 12:47:14.188 - INFO - 18156 - azureml.train.automl._experiment_drivers.driver_utilities.modify_run_configuration:207 - Using pinned version: numpy~=1.18.0
2022-02-09 12:47:14.195 - INFO - 18156 - azureml.train.automl._experiment_drivers.driver_utilities.modify_run_configuration:201 - Package py-xgboost missing from dependencies file.
2022-02-09 12:47:14.200 - INFO - 18156 - azureml.train.automl._experiment_drivers.driver_utilities.modify_run_configuration:207 - Using pinned version: py-xgboost<=0.90
2022-02-09 12:47:14.206 - INFO - 18156 - azureml.train.automl._experiment_drivers.driver_utilities.modify_run_configuration:201 - Package inference-schema missing from dependencies file.
2022-02-09 12:47:14.213 - INFO - 18156 - azureml.train.automl._experiment_drivers.driver_utilities.modify_run_configuration:211 - Using installed version: inference-schema==1.3.0
2022-02-09 12:47:14.222 - INFO - 18156 - azureml.train.automl._experiment_drivers.driver_utilities.modify_run_configuration:201 - Package fbprophet missing from dependencies file.
2022-02-09 12:47:14.228 - INFO - 18156 - azureml.train.automl._experiment_drivers.driver_utilities.modify_run_configuration:207 - Using pinned version: fbprophet==0.5
2022-02-09 12:47:14.244 - INFO - 18156 - azureml.train.automl._experiment_drivers.driver_utilities.modify_run_configuration:201 - Package setuptools-git missing from dependencies file.
2022-02-09 12:47:14.255 - INFO - 18156 - azureml.train.automl._experiment_drivers.driver_utilities.modify_run_configuration:211 - Using installed version: setuptools-git==1.2
2022-02-09 12:47:14.268 - INFO - 18156 - azureml.automl.core.dataset_utilities._save_datasets_to_json:131 - JSON serialization of input of type <class 'NoneType'> is un-supported.
2022-02-09 12:47:14.278 - INFO - 18156 - azureml.automl.core.dataset_utilities._save_datasets_to_json:131 - JSON serialization of input of type <class 'NoneType'> is un-supported.
2022-02-09 12:47:14.279 - INFO - 18156 - azureml.train.automl._experiment_drivers.driver_utilities.validate_input:124 - Start data validation.
2022-02-09 12:47:17.605 - INFO - 18156 - azureml.train.automl._experiment_drivers.driver_utilities.validate_input:137 - Validation service found the data has no errors.
2022-02-09 12:47:17.608 - INFO - 18156 - azureml.train.automl._experiment_drivers.driver_utilities.create_remote_parent_run:382 - Start creating parent run.
2022-02-09 12:47:17.888 - INFO - 18156 - azureml.train.automl._experiment_drivers.driver_utilities.create_remote_parent_run:402 - [ParentRunID:AutoML_607150ad-97ff-4db1-8a59-1bc9d96fb38e] Remote run using input X and y.
2022-02-09 12:47:17.966 - INFO - 18156 - azureml.train.automl._experiment_drivers.driver_utilities.start_remote_run:337 - Starting a snapshot run (snapshot_id : None)
2022-02-10 08:31:27.289 - INFO - 15675 - azureml.train.automl._experiment_drivers.driver_utilities.modify_run_configuration:201 - Package azureml-train-automl missing from dependencies file.
2022-02-10 08:31:27.299 - INFO - 15675 - azureml.train.automl._experiment_drivers.driver_utilities.modify_run_configuration:207 - Using pinned version: azureml-train-automl==1.37.0.*
2022-02-10 08:31:27.309 - INFO - 15675 - azureml.train.automl._experiment_drivers.driver_utilities.modify_run_configuration:201 - Package pandas missing from dependencies file.
2022-02-10 08:31:27.329 - INFO - 15675 - azureml.train.automl._experiment_drivers.driver_utilities.modify_run_configuration:207 - Using pinned version: pandas==0.25.1
2022-02-10 08:31:27.341 - INFO - 15675 - azureml.train.automl._experiment_drivers.driver_utilities.modify_run_configuration:201 - Package psutil missing from dependencies file.
2022-02-10 08:31:27.352 - INFO - 15675 - azureml.train.automl._experiment_drivers.driver_utilities.modify_run_configuration:207 - Using pinned version: psutil>5.0.0,<6.0.0
2022-02-10 08:31:27.363 - INFO - 15675 - azureml.train.automl._experiment_drivers.driver_utilities.modify_run_configuration:201 - Package scikit-learn missing from dependencies file.
2022-02-10 08:31:27.371 - INFO - 15675 - azureml.train.automl._experiment_drivers.driver_utilities.modify_run_configuration:207 - Using pinned version: scikit-learn==0.22.1
2022-02-10 08:31:27.379 - INFO - 15675 - azureml.train.automl._experiment_drivers.driver_utilities.modify_run_configuration:201 - Package numpy missing from dependencies file.
2022-02-10 08:31:27.387 - INFO - 15675 - azureml.train.automl._experiment_drivers.driver_utilities.modify_run_configuration:207 - Using pinned version: numpy~=1.18.0
2022-02-10 08:31:27.393 - INFO - 15675 - azureml.train.automl._experiment_drivers.driver_utilities.modify_run_configuration:201 - Package py-xgboost missing from dependencies file.
2022-02-10 08:31:27.408 - INFO - 15675 - azureml.train.automl._experiment_drivers.driver_utilities.modify_run_configuration:207 - Using pinned version: py-xgboost<=0.90
2022-02-10 08:31:27.415 - INFO - 15675 - azureml.train.automl._experiment_drivers.driver_utilities.modify_run_configuration:201 - Package inference-schema missing from dependencies file.
2022-02-10 08:31:27.431 - INFO - 15675 - azureml.train.automl._experiment_drivers.driver_utilities.modify_run_configuration:211 - Using installed version: inference-schema==1.3.0
2022-02-10 08:31:27.449 - INFO - 15675 - azureml.train.automl._experiment_drivers.driver_utilities.modify_run_configuration:201 - Package fbprophet missing from dependencies file.
2022-02-10 08:31:27.456 - INFO - 15675 - azureml.train.automl._experiment_drivers.driver_utilities.modify_run_configuration:207 - Using pinned version: fbprophet==0.5
2022-02-10 08:31:27.463 - INFO - 15675 - azureml.train.automl._experiment_drivers.driver_utilities.modify_run_configuration:201 - Package setuptools-git missing from dependencies file.
2022-02-10 08:31:27.490 - INFO - 15675 - azureml.train.automl._experiment_drivers.driver_utilities.modify_run_configuration:211 - Using installed version: setuptools-git==1.2
2022-02-10 08:31:27.491 - INFO - 15675 - azureml.automl.core.dataset_utilities._save_datasets_to_json:131 - JSON serialization of input of type <class 'NoneType'> is un-supported.
2022-02-10 08:31:27.492 - INFO - 15675 - azureml.automl.core.dataset_utilities._save_datasets_to_json:131 - JSON serialization of input of type <class 'NoneType'> is un-supported.
2022-02-10 08:31:27.493 - INFO - 15675 - azureml.train.automl._experiment_drivers.driver_utilities.validate_input:124 - Start data validation.
2022-02-10 08:31:30.210 - INFO - 15675 - azureml.train.automl._experiment_drivers.driver_utilities.validate_input:137 - Validation service found the data has no errors.
2022-02-10 08:31:30.212 - INFO - 15675 - azureml.train.automl._experiment_drivers.driver_utilities.create_remote_parent_run:382 - Start creating parent run.
2022-02-10 08:31:30.470 - INFO - 15675 - azureml.train.automl._experiment_drivers.driver_utilities.create_remote_parent_run:402 - [ParentRunID:AutoML_9f8d5923-9fad-4210-80bf-938c56675706] Remote run using input X and y.
2022-02-10 08:31:30.558 - INFO - 15675 - azureml.train.automl._experiment_drivers.driver_utilities.start_remote_run:337 - Starting a snapshot run (snapshot_id : None)
2022-02-10 09:11:50.415 - INFO - 28313 - azureml.train.automl._experiment_drivers.driver_utilities.modify_run_configuration:201 - Package azureml-train-automl missing from dependencies file.
2022-02-10 09:11:50.423 - INFO - 28313 - azureml.train.automl._experiment_drivers.driver_utilities.modify_run_configuration:207 - Using pinned version: azureml-train-automl==1.37.0.*
2022-02-10 09:11:50.439 - INFO - 28313 - azureml.train.automl._experiment_drivers.driver_utilities.modify_run_configuration:201 - Package pandas missing from dependencies file.
2022-02-10 09:11:50.445 - INFO - 28313 - azureml.train.automl._experiment_drivers.driver_utilities.modify_run_configuration:207 - Using pinned version: pandas==0.25.1
2022-02-10 09:11:50.455 - INFO - 28313 - azureml.train.automl._experiment_drivers.driver_utilities.modify_run_configuration:201 - Package psutil missing from dependencies file.
2022-02-10 09:11:50.468 - INFO - 28313 - azureml.train.automl._experiment_drivers.driver_utilities.modify_run_configuration:207 - Using pinned version: psutil>5.0.0,<6.0.0
2022-02-10 09:11:50.475 - INFO - 28313 - azureml.train.automl._experiment_drivers.driver_utilities.modify_run_configuration:201 - Package scikit-learn missing from dependencies file.
2022-02-10 09:11:50.488 - INFO - 28313 - azureml.train.automl._experiment_drivers.driver_utilities.modify_run_configuration:207 - Using pinned version: scikit-learn==0.22.1
2022-02-10 09:11:50.499 - INFO - 28313 - azureml.train.automl._experiment_drivers.driver_utilities.modify_run_configuration:201 - Package numpy missing from dependencies file.
2022-02-10 09:11:50.506 - INFO - 28313 - azureml.train.automl._experiment_drivers.driver_utilities.modify_run_configuration:207 - Using pinned version: numpy~=1.18.0
2022-02-10 09:11:50.511 - INFO - 28313 - azureml.train.automl._experiment_drivers.driver_utilities.modify_run_configuration:201 - Package py-xgboost missing from dependencies file.
2022-02-10 09:11:50.521 - INFO - 28313 - azureml.train.automl._experiment_drivers.driver_utilities.modify_run_configuration:207 - Using pinned version: py-xgboost<=0.90
2022-02-10 09:11:50.527 - INFO - 28313 - azureml.train.automl._experiment_drivers.driver_utilities.modify_run_configuration:201 - Package inference-schema missing from dependencies file.
2022-02-10 09:11:50.533 - INFO - 28313 - azureml.train.automl._experiment_drivers.driver_utilities.modify_run_configuration:211 - Using installed version: inference-schema==1.3.0
2022-02-10 09:11:50.540 - INFO - 28313 - azureml.train.automl._experiment_drivers.driver_utilities.modify_run_configuration:201 - Package fbprophet missing from dependencies file.
2022-02-10 09:11:50.546 - INFO - 28313 - azureml.train.automl._experiment_drivers.driver_utilities.modify_run_configuration:207 - Using pinned version: fbprophet==0.5
2022-02-10 09:11:50.546 - INFO - 28313 - azureml.train.automl._experiment_drivers.driver_utilities.modify_run_configuration:201 - Package setuptools-git missing from dependencies file.
2022-02-10 09:11:50.546 - INFO - 28313 - azureml.train.automl._experiment_drivers.driver_utilities.modify_run_configuration:211 - Using installed version: setuptools-git==1.2
2022-02-10 09:11:50.548 - INFO - 28313 - azureml.automl.core.dataset_utilities._save_datasets_to_json:131 - JSON serialization of input of type <class 'NoneType'> is un-supported.
2022-02-10 09:11:50.548 - INFO - 28313 - azureml.automl.core.dataset_utilities._save_datasets_to_json:131 - JSON serialization of input of type <class 'NoneType'> is un-supported.
2022-02-10 09:11:50.550 - INFO - 28313 - azureml.train.automl._experiment_drivers.driver_utilities.validate_input:124 - Start data validation.
2022-02-10 09:11:53.298 - INFO - 28313 - azureml.train.automl._experiment_drivers.driver_utilities.validate_input:137 - Validation service found the data has no errors.
2022-02-10 09:11:53.300 - INFO - 28313 - azureml.train.automl._experiment_drivers.driver_utilities.create_remote_parent_run:382 - Start creating parent run.
2022-02-10 09:11:54.682 - INFO - 28313 - azureml.train.automl._experiment_drivers.driver_utilities.create_remote_parent_run:402 - [ParentRunID:AutoML_b000ac94-ddb8-423a-a4a5-8f33141dfa71] Remote run using input X and y.
2022-02-10 09:11:54.778 - INFO - 28313 - azureml.train.automl._experiment_drivers.driver_utilities.start_remote_run:337 - Starting a snapshot run (snapshot_id : None)
2022-02-15 09:58:58.564 - INFO - 579 - azureml.train.automl._experiment_drivers.driver_utilities.modify_run_configuration:201 - Package azureml-train-automl missing from dependencies file.
2022-02-15 09:58:58.579 - INFO - 579 - azureml.train.automl._experiment_drivers.driver_utilities.modify_run_configuration:207 - Using pinned version: azureml-train-automl==1.37.0.*
2022-02-15 09:58:58.585 - INFO - 579 - azureml.train.automl._experiment_drivers.driver_utilities.modify_run_configuration:201 - Package pandas missing from dependencies file.
2022-02-15 09:58:58.590 - INFO - 579 - azureml.train.automl._experiment_drivers.driver_utilities.modify_run_configuration:207 - Using pinned version: pandas==0.25.1
2022-02-15 09:58:58.599 - INFO - 579 - azureml.train.automl._experiment_drivers.driver_utilities.modify_run_configuration:201 - Package psutil missing from dependencies file.
2022-02-15 09:58:58.605 - INFO - 579 - azureml.train.automl._experiment_drivers.driver_utilities.modify_run_configuration:207 - Using pinned version: psutil>5.0.0,<6.0.0
2022-02-15 09:58:58.611 - INFO - 579 - azureml.train.automl._experiment_drivers.driver_utilities.modify_run_configuration:201 - Package scikit-learn missing from dependencies file.
2022-02-15 09:58:58.618 - INFO - 579 - azureml.train.automl._experiment_drivers.driver_utilities.modify_run_configuration:207 - Using pinned version: scikit-learn==0.22.1
2022-02-15 09:58:58.640 - INFO - 579 - azureml.train.automl._experiment_drivers.driver_utilities.modify_run_configuration:201 - Package numpy missing from dependencies file.
2022-02-15 09:58:58.656 - INFO - 579 - azureml.train.automl._experiment_drivers.driver_utilities.modify_run_configuration:207 - Using pinned version: numpy~=1.18.0
2022-02-15 09:58:58.661 - INFO - 579 - azureml.train.automl._experiment_drivers.driver_utilities.modify_run_configuration:201 - Package py-xgboost missing from dependencies file.
2022-02-15 09:58:58.667 - INFO - 579 - azureml.train.automl._experiment_drivers.driver_utilities.modify_run_configuration:207 - Using pinned version: py-xgboost<=0.90
2022-02-15 09:58:58.678 - INFO - 579 - azureml.train.automl._experiment_drivers.driver_utilities.modify_run_configuration:201 - Package inference-schema missing from dependencies file.
2022-02-15 09:58:58.684 - INFO - 579 - azureml.train.automl._experiment_drivers.driver_utilities.modify_run_configuration:211 - Using installed version: inference-schema==1.3.0
2022-02-15 09:58:58.684 - INFO - 579 - azureml.train.automl._experiment_drivers.driver_utilities.modify_run_configuration:201 - Package fbprophet missing from dependencies file.
2022-02-15 09:58:58.684 - INFO - 579 - azureml.train.automl._experiment_drivers.driver_utilities.modify_run_configuration:207 - Using pinned version: fbprophet==0.5
2022-02-15 09:58:58.685 - INFO - 579 - azureml.train.automl._experiment_drivers.driver_utilities.modify_run_configuration:201 - Package setuptools-git missing from dependencies file.
2022-02-15 09:58:58.685 - INFO - 579 - azureml.train.automl._experiment_drivers.driver_utilities.modify_run_configuration:211 - Using installed version: setuptools-git==1.2
2022-02-15 09:58:58.686 - INFO - 579 - azureml.automl.core.dataset_utilities._save_datasets_to_json:131 - JSON serialization of input of type <class 'NoneType'> is un-supported.
2022-02-15 09:58:58.686 - INFO - 579 - azureml.automl.core.dataset_utilities._save_datasets_to_json:131 - JSON serialization of input of type <class 'NoneType'> is un-supported.
2022-02-15 09:58:58.687 - INFO - 579 - azureml.train.automl._experiment_drivers.driver_utilities.validate_input:124 - Start data validation.
2022-02-15 09:59:00.872 - INFO - 579 - azureml.train.automl._experiment_drivers.driver_utilities.validate_input:137 - Validation service found the data has no errors.
2022-02-15 09:59:00.873 - INFO - 579 - azureml.train.automl._experiment_drivers.driver_utilities.create_remote_parent_run:382 - Start creating parent run.
2022-02-15 09:59:01.137 - INFO - 579 - azureml.train.automl._experiment_drivers.driver_utilities.create_remote_parent_run:402 - [ParentRunID:AutoML_b432d0a0-d6ad-44bc-8bc6-033a30e50ff2] Remote run using input X and y.
2022-02-15 09:59:01.226 - INFO - 579 - azureml.train.automl._experiment_drivers.driver_utilities.start_remote_run:337 - Starting a snapshot run (snapshot_id : None)
2022-02-18 08:30:21.195 - INFO - 9132 - azureml.train.automl._experiment_drivers.driver_utilities.modify_run_configuration:201 - Package azureml-train-automl missing from dependencies file.
2022-02-18 08:30:21.203 - INFO - 9132 - azureml.train.automl._experiment_drivers.driver_utilities.modify_run_configuration:207 - Using pinned version: azureml-train-automl==1.37.0.*
2022-02-18 08:30:21.210 - INFO - 9132 - azureml.train.automl._experiment_drivers.driver_utilities.modify_run_configuration:201 - Package pandas missing from dependencies file.
2022-02-18 08:30:21.218 - INFO - 9132 - azureml.train.automl._experiment_drivers.driver_utilities.modify_run_configuration:207 - Using pinned version: pandas==0.25.1
2022-02-18 08:30:21.235 - INFO - 9132 - azureml.train.automl._experiment_drivers.driver_utilities.modify_run_configuration:201 - Package psutil missing from dependencies file.
2022-02-18 08:30:21.242 - INFO - 9132 - azureml.train.automl._experiment_drivers.driver_utilities.modify_run_configuration:207 - Using pinned version: psutil>5.0.0,<6.0.0
2022-02-18 08:30:21.253 - INFO - 9132 - azureml.train.automl._experiment_drivers.driver_utilities.modify_run_configuration:201 - Package scikit-learn missing from dependencies file.
2022-02-18 08:30:21.259 - INFO - 9132 - azureml.train.automl._experiment_drivers.driver_utilities.modify_run_configuration:207 - Using pinned version: scikit-learn==0.22.1
2022-02-18 08:30:21.267 - INFO - 9132 - azureml.train.automl._experiment_drivers.driver_utilities.modify_run_configuration:201 - Package numpy missing from dependencies file.
2022-02-18 08:30:21.273 - INFO - 9132 - azureml.train.automl._experiment_drivers.driver_utilities.modify_run_configuration:207 - Using pinned version: numpy~=1.18.0
2022-02-18 08:30:21.279 - INFO - 9132 - azureml.train.automl._experiment_drivers.driver_utilities.modify_run_configuration:201 - Package py-xgboost missing from dependencies file.
2022-02-18 08:30:21.285 - INFO - 9132 - azureml.train.automl._experiment_drivers.driver_utilities.modify_run_configuration:207 - Using pinned version: py-xgboost<=0.90
2022-02-18 08:30:21.291 - INFO - 9132 - azureml.train.automl._experiment_drivers.driver_utilities.modify_run_configuration:201 - Package inference-schema missing from dependencies file.
2022-02-18 08:30:21.292 - INFO - 9132 - azureml.train.automl._experiment_drivers.driver_utilities.modify_run_configuration:211 - Using installed version: inference-schema==1.3.0
2022-02-18 08:30:21.292 - INFO - 9132 - azureml.train.automl._experiment_drivers.driver_utilities.modify_run_configuration:201 - Package fbprophet missing from dependencies file.
2022-02-18 08:30:21.292 - INFO - 9132 - azureml.train.automl._experiment_drivers.driver_utilities.modify_run_configuration:207 - Using pinned version: fbprophet==0.5
2022-02-18 08:30:21.293 - INFO - 9132 - azureml.train.automl._experiment_drivers.driver_utilities.modify_run_configuration:201 - Package setuptools-git missing from dependencies file.
2022-02-18 08:30:21.293 - INFO - 9132 - azureml.train.automl._experiment_drivers.driver_utilities.modify_run_configuration:211 - Using installed version: setuptools-git==1.2
2022-02-18 08:30:21.294 - INFO - 9132 - azureml.automl.core.dataset_utilities._save_datasets_to_json:131 - JSON serialization of input of type <class 'NoneType'> is un-supported.
2022-02-18 08:30:21.294 - INFO - 9132 - azureml.automl.core.dataset_utilities._save_datasets_to_json:131 - JSON serialization of input of type <class 'NoneType'> is un-supported.
2022-02-18 08:30:21.295 - INFO - 9132 - azureml.train.automl._experiment_drivers.driver_utilities.validate_input:124 - Start data validation.
2022-02-18 08:30:23.459 - INFO - 9132 - azureml.train.automl._experiment_drivers.driver_utilities.validate_input:137 - Validation service found the data has no errors.
2022-02-18 08:30:23.461 - INFO - 9132 - azureml.train.automl._experiment_drivers.driver_utilities.create_remote_parent_run:382 - Start creating parent run.
2022-02-18 08:30:23.739 - INFO - 9132 - azureml.train.automl._experiment_drivers.driver_utilities.create_remote_parent_run:402 - [ParentRunID:AutoML_e576d073-a859-460d-b10f-99088c0c1be2] Remote run using input X and y.
2022-02-18 08:30:23.821 - INFO - 9132 - azureml.train.automl._experiment_drivers.driver_utilities.start_remote_run:337 - Starting a snapshot run (snapshot_id : None)
